videotest: font gfxmenu video
odc: archelp
loopback: extcmd
macho:
gcry_des: crypto
memrw: extcmd
terminfo: extcmd
f2fs: fshelp
part_gpt:
romfs: fshelp
read: extcmd
lsefimmap:
gcry_arcfour: crypto
tftp: net
newc: archelp
minix2_be:
afsplitter: crypto
elf:
videotest_checksum: font functional_test video_fb
password_pbkdf2: crypto gcry_sha512 normal pbkdf2
gcry_seed: crypto
sfs: fshelp
reiserfs: fshelp
part_sunpc:
zstd:
gfxmenu: bitmap bitmap_scale font gfxterm normal trig video video_colors
jfs:
help: extcmd normal
configfile: normal
gfxterm_menu: font functional_test normal procfs video_fb
gcry_idea: crypto
tr: extcmd
shift_test: functional_test
afs: fshelp
xzio: crypto
syslinuxcfg: extcmd normal
search_fs_file:
xen_boot: boot fdt linux
test_blockarg: extcmd normal
true:
affs: fshelp
iso9660: fshelp
exfat: fshelp
smbios: extcmd
setjmp_test: functional_test setjmp
gfxterm: font video
fdt:
efinet: net
disk:
xfs: fshelp
testspeed: extcmd normal
cpio_be: archelp
functional_test: btrfs extcmd video video_fb
bswap_test: functional_test
sleep: extcmd normal
memdisk:
gcry_rijndael: crypto
mdraid09_be: diskfilter
gettext:
gcry_sha1: crypto
hfspluscomp: gzio hfsplus
cmp: extcmd
offsetio:
file: elf extcmd macho offsetio
video_colors:
hashsum: crypto extcmd normal
halt:
gfxterm_background: bitmap bitmap_scale extcmd gfxterm video video_colors
search_fs_uuid:
gcry_dsa: mpi pgp
keystatus: extcmd
linux: boot fdt
geli: crypto cryptodisk gcry_sha256 gcry_sha512 pbkdf2
cmdline_cat_test: font functional_test normal procfs video_fb
part_sun:
pbkdf2_test: functional_test gcry_sha1 pbkdf2
bufio:
bfs: fshelp
gcry_blowfish: crypto
test:
nilfs2: fshelp
gcry_rsa: mpi pgp
cryptodisk: crypto extcmd procfs
minicmd:
signature_test: functional_test procfs
udf: fshelp
gzio: gcry_crc
xnu_uuid: gcry_md5
mul_test: functional_test
adler32: crypto
terminal:
div:
crypto:
part_bsd: part_msdos
luks2: afsplitter crypto cryptodisk json pbkdf2
gcry_sha512: crypto
password: crypto normal
fshelp:
sleep_test: datetime functional_test
efitextmode:
bli: part_gpt
mmap:
deepin_gfxmode: video
exfctest: functional_test
zfsinfo: zfs
ldm: diskfilter part_gpt part_msdos
eval: normal
part_dvh:
lssal:
ext2: fshelp
blocklist:
net: boot bufio datetime priority_queue
part_acorn:
videoinfo: video
btrfs: gzio lzopio raid6rec zstd
lsmmap: mmap
strtoull_test: functional_test
bitmap:
ntfs: fshelp
tpm:
gcry_crc: crypto
png: bitmap bufio
json:
jpeg: bitmap bufio
macbless: disk
div_test: div functional_test
regexp: extcmd normal
parttool: normal
cpio: archelp
gcry_rmd160: crypto
fat: fshelp
ufs1_be:
archelp:
http: net
zfs: gzio
raid6rec: diskfilter
lsefisystab:
minix2:
lsacpi: acpi extcmd
datehook: datetime
loadenv: disk extcmd
bitmap_scale: bitmap
probe: extcmd
minix3:
tar: archelp
hfs: fshelp
procfs: archelp
boot:
progress: normal
kernel:
acpi: extcmd mmap
tga: bitmap bufio
reboot:
serial: extcmd terminfo
zfscrypt: crypto extcmd gcry_rijndael gcry_sha1 pbkdf2 zfs
dm_nv: diskfilter
cmp_test: functional_test
luks: afsplitter crypto cryptodisk pbkdf2
font: bufio video
raid5rec: diskfilter
crc64: crypto
datetime:
efifwsetup:
ctz_test: functional_test
video:
hfsplus: fshelp
gcry_cast5: crypto
extcmd:
squash4: fshelp gzio lzopio xzio
part_plan:
minix_be:
gcry_whirlpool: crypto
gcry_tiger: crypto
search: extcmd search_fs_file search_fs_uuid search_label
video_fb:
peimage: setjmp
minix3_be:
trig:
msdospart: disk parttool
priority_queue:
gcry_twofish: crypto
plainmount: crypto cryptodisk extcmd
part_dfly:
xnu_uuid_test: functional_test
diskfilter:
testload:
part_apple:
hexdump: extcmd
date: datetime
pbkdf2: crypto
gcry_sha256: crypto
ls: datetime extcmd normal
ntfscomp: ntfs
lzopio: crypto
hello: extcmd
scsi:
cat: extcmd
pgp: crypto extcmd gcry_sha1 mpi
normal: boot bufio crypto datetime extcmd gettext net terminal
ufs1:
mdraid09: diskfilter
lvm: diskfilter
chain: boot efinet net
cbfs: archelp
ufs2:
time:
gptsync: disk
search_label:
setjmp:
gcry_rfc2268: crypto
mdraid1x: diskfilter
mpi: crypto
part_amiga:
efi_gop: video video_fb
minix:
echo: extcmd
lsefi:
gcry_serpent: crypto
gcry_md4: crypto
gcry_md5: crypto
part_msdos:
gcry_camellia: crypto
all_video: efi_gop
